114
0 L 0 179 1
0 L 0 216 1
0 L 0 122 1
0 L 0 35 1
0 D 0 179 1
0 D 0 216 1
0 D 0 122 1
0 D 0 35 1
1 L 0 383 1
1 D 0 383 1
2 L 0 225 1
2 D 0 225 1
3 L 0 278 1
3 L 0 122 1
3 L 0 168 1
3 L 0 204 1
3 D 0 278 1
3 D 0 122 1
3 D 0 168 1
3 D 0 204 1
4 L 0 299 1
4 D 0 299 1
5 L 5 62 1
5 L 5 344 1
5 L 5 196 1
5 L 5 172 1
5 L 5 200 1
5 D 5 62 1
5 D 5 344 1
5 D 5 196 1
5 D 5 172 1
5 D 5 200 1
6 L 0 129 1
6 L 0 172 1
6 L 0 398 1
6 D 0 129 1
6 D 0 172 1
6 D 0 398 1
7 L 0 81 1
7 D 0 81 1
8 L 0 100 1
8 D 0 100 1
9 L 0 50 1
9 L 0 242 1
9 D 0 50 1
9 D 0 242 1
10 L 0 83 1
10 L 0 210 1
10 L 0 154 1
10 D 0 83 1
10 D 0 210 1
10 D 0 154 1
11 L 0 272 1
11 L 0 118 1
11 D 0 272 1
11 D 0 118 1
12 L 0 299 1
12 L 0 119 1
12 L 0 361 1
12 D 0 299 1
12 D 0 119 1
12 D 0 361 1
13 L 0 168 1
13 L 0 322 1
13 D 0 168 1
13 D 0 322 1
14 L 0 205 1
14 D 0 205 1
15 L 0 21 1
15 L 0 164 1
15 D 0 21 1
15 D 0 164 1
16 L 0 17 1
16 D 0 17 1
17 L 0 111 1
17 D 0 111 1
18 L 0 310 1
18 L 0 348 1
18 D 0 310 1
18 D 0 348 1
19 L 0 163 1
19 D 0 163 1
20 L 0 255 1
20 L 0 247 1
20 L 0 288 1
20 D 0 255 1
20 D 0 247 1
20 D 0 288 1
21 L 3 201 1
21 L 3 228 1
21 D 3 201 1
21 D 3 228 1
22 L 0 110 1
22 D 0 110 1
23 L 0 241 1
23 D 0 241 1
24 L 5 344 1
24 L 5 397 1
24 D 5 344 1
24 D 5 397 1
25 L 0 96 1
25 L 0 17 1
25 D 0 96 1
25 D 0 17 1
26 L 0 285 1
26 D 0 285 1
27 L 0 218 1
27 L 0 375 1
27 D 0 218 1
27 D 0 375 1
28 L 0 163 1
28 D 0 163 1
29 L 0 104 1
29 D 0 104 1